<?xml version="1.0" encoding="UTF-8"?>
<testng-results ignored="0" total="6" passed="6" failed="0" skipped="0">
  <reporter-output>
  </reporter-output>
  <suite started-at="2021-10-13T09:37:21Z" name="Suite" finished-at="2021-10-13T09:37:27Z" duration-ms="5447">
    <groups>
    </groups>
    <test started-at="2021-10-13T09:37:21Z" name="Test" finished-at="2021-10-13T09:37:21Z" duration-ms="29">
      <class name="appTest.AppTest">
        <test-method signature="loginTest()[pri:0, instance:appTest.AppTest@389c4eb1]" started-at="2021-10-13T09:37:21Z" name="loginTest" description="Login with Valid details" finished-at="2021-10-13T09:37:21Z" duration-ms="9" status="PASS">
          <reporter-output>
          </reporter-output>
        </test-method> <!-- loginTest -->
        <test-method signature="loginTestWithInvalid()[pri:0, instance:appTest.AppTest@389c4eb1]" started-at="2021-10-13T09:37:21Z" name="loginTestWithInvalid" description="Login with InValid details" finished-at="2021-10-13T09:37:21Z" duration-ms="1" status="PASS">
          <reporter-output>
          </reporter-output>
        </test-method> <!-- loginTestWithInvalid -->
      </class> <!-- appTest.AppTest -->
    </test> <!-- Test -->
    <test started-at="2021-10-13T09:37:21Z" name="Test2" finished-at="2021-10-13T09:37:21Z" duration-ms="0">
      <class name="appTest.NumComparison">
        <test-method signature="intComparison()[pri:0, instance:appTest.NumComparison@6337c201]" started-at="2021-10-13T09:37:21Z" name="intComparison" finished-at="2021-10-13T09:37:21Z" duration-ms="0" status="PASS">
          <reporter-output>
          </reporter-output>
        </test-method> <!-- intComparison -->
      </class> <!-- appTest.NumComparison -->
    </test> <!-- Test2 -->
    <test started-at="2021-10-13T09:37:21Z" name="Test3" finished-at="2021-10-13T09:37:27Z" duration-ms="5393">
      <class name="appTest.SeleniumDev">
        <test-method is-config="true" signature="beforeTest()[pri:0, instance:appTest.SeleniumDev@5117dd67]" started-at="2021-10-13T09:37:21Z" name="beforeTest" finished-at="2021-10-13T09:37:23Z" duration-ms="1535" status="PASS">
          <reporter-output>
          </reporter-output>
        </test-method> <!-- beforeTest -->
        <test-method signature="titleTest()[pri:0, instance:appTest.SeleniumDev@5117dd67]" started-at="2021-10-13T09:37:23Z" name="titleTest" finished-at="2021-10-13T09:37:24Z" duration-ms="1152" status="PASS">
          <reporter-output>
          </reporter-output>
        </test-method> <!-- titleTest -->
        <test-method is-config="true" signature="afterTest()[pri:0, instance:appTest.SeleniumDev@5117dd67]" started-at="2021-10-13T09:37:24Z" name="afterTest" finished-at="2021-10-13T09:37:27Z" duration-ms="2705" status="PASS">
          <reporter-output>
          </reporter-output>
        </test-method> <!-- afterTest -->
      </class> <!-- appTest.SeleniumDev -->
    </test> <!-- Test3 -->
  </suite> <!-- Suite -->
  <suite started-at="2021-10-13T09:37:27Z" name="Suite (0)" finished-at="2021-10-13T09:37:27Z" duration-ms="1">
    <groups>
    </groups>
    <test started-at="2021-10-13T09:37:27Z" name="Test" finished-at="2021-10-13T09:37:27Z" duration-ms="1">
      <class name="appTest.AppTest">
        <test-method signature="loginTest()[pri:0, instance:appTest.AppTest@45a4b042]" started-at="2021-10-13T09:37:27Z" name="loginTest" description="Login with Valid details" finished-at="2021-10-13T09:37:27Z" duration-ms="1" status="PASS">
          <reporter-output>
          </reporter-output>
        </test-method> <!-- loginTest -->
        <test-method signature="loginTestWithInvalid()[pri:0, instance:appTest.AppTest@45a4b042]" started-at="2021-10-13T09:37:27Z" name="loginTestWithInvalid" description="Login with InValid details" finished-at="2021-10-13T09:37:27Z" duration-ms="0" status="PASS">
          <reporter-output>
          </reporter-output>
        </test-method> <!-- loginTestWithInvalid -->
      </class> <!-- appTest.AppTest -->
    </test> <!-- Test -->
  </suite> <!-- Suite (0) -->
</testng-results>
